<?xml version="1.0" encoding="UTF-8"?>
<testsuite name="GetAllUsersTests" tests="1" skipped="0" failures="0" errors="0" timestamp="2022-10-05T15:46:09" hostname="TestVagrants-MacBook-Pro.local" time="0.531">
  <properties/>
  <testcase name="shouldGetAllUsers" classname="GetAllUsersTests" time="0.531"/>
  <system-out><![CDATA[{
    "data": [
        {
            "id": "60d0fe4f5311236168a109ca",
            "title": "ms",
            "firstName": "Sara",
            "lastName": "Andersen",
            "picture": "https://randomuser.me/api/portraits/women/58.jpg"
        },
        {
            "id": "60d0fe4f5311236168a109cb",
            "title": "miss",
            "firstName": "Edita",
            "lastName": "Vestering",
            "picture": "https://randomuser.me/api/portraits/med/women/89.jpg"
        },
        {
            "id": "60d0fe4f5311236168a109cc",
            "title": "ms",
            "firstName": "Adina",
            "lastName": "Barbosa",
            "picture": "https://randomuser.me/api/portraits/med/women/28.jpg"
        },
        {
            "id": "60d0fe4f5311236168a109cd",
            "title": "mr",
            "firstName": "Roberto",
            "lastName": "Vega",
            "picture": "https://randomuser.me/api/portraits/med/men/25.jpg"
        },
        {
            "id": "60d0fe4f5311236168a109ce",
            "title": "mr",
            "firstName": "Rudi",
            "lastName": "Droste",
            "picture": "https://randomuser.me/api/portraits/med/men/83.jpg"
        },
        {
            "id": "60d0fe4f5311236168a109cf",
            "title": "mrs",
            "firstName": "Carolina",
            "lastName": "Lima",
            "picture": "https://randomuser.me/api/portraits/med/women/5.jpg"
        },
        {
            "id": "60d0fe4f5311236168a109d0",
            "title": "mr",
            "firstName": "Emre",
            "lastName": "Asikoglu",
            "picture": "https://randomuser.me/api/portraits/med/men/23.jpg"
        },
        {
            "id": "60d0fe4f5311236168a109d1",
            "title": "mr",
            "firstName": "Kent",
            "lastName": "Brewer",
            "picture": "https://randomuser.me/api/portraits/med/men/52.jpg"
        },
        {
            "id": "60d0fe4f5311236168a109d2",
            "title": "mr",
            "firstName": "Evan",
            "lastName": "Carlson",
            "picture": "https://randomuser.me/api/portraits/med/men/80.jpg"
        },
        {
            "id": "60d0fe4f5311236168a109d3",
            "title": "mr",
            "firstName": "Friedrich-Karl",
            "lastName": "Brand",
            "picture": "https://randomuser.me/api/portraits/med/men/7.jpg"
        }
    ],
    "total": 106,
    "page": 0,
    "limit": 10
}
]]></system-out>
  <system-err><![CDATA[]]></system-err>
</testsuite>
